==================================================
Tue Apr  5 10:17:48 HKT 2016

before
+------------+--------+------------+--------------+---------------------+-------------+
| account_id | cash   | avail_cash | holding_cash | timestamp           | strategy_id |
+------------+--------+------------+--------------+---------------------+-------------+
|          1 |   1850 |    20087.6 |     -18237.6 | 2016-04-05 09:30:13 |           1 |
|          2 | 396510 |     396510 |            0 | 2016-04-05 09:47:38 |           2 |
+------------+--------+------------+--------------+---------------------+-------------+


update trading_account set avail_cash=1850,holding_cash=0 where strategy_id=1;



==================================================
Thu Apr  7 09:49:35 HKT 2016

before
+------------+--------+------------+-----------------------+---------------------+-------------+
| account_id | cash   | avail_cash | holding_cash          | timestamp           | strategy_id |
+------------+--------+------------+-----------------------+---------------------+-------------+
|          1 |    780 |        780 | -0.000000000000227374 | 2016-04-07 09:30:01 |           1 |
|          2 | 374760 |     374760 |                     0 | 2016-04-07 09:48:30 |           2 |
+------------+--------+------------+-----------------------+---------------------+-------------+


update trading_account set holding_cash=0 where strategy_id=1;



==================================================
Mon Apr 18 11:17:35 HKT 2016

mysql> select * from trading_account;
+------------+--------+------------+-----------------------+---------------------+-------------+
| account_id | cash   | avail_cash | holding_cash          | timestamp           | strategy_id |
+------------+--------+------------+-----------------------+---------------------+-------------+
|          1 |   2600 |       2600 | -0.000000000000454747 | 2016-04-18 11:09:03 |           1 |
|          2 | 704235 |     704235 |                     0 | 2016-04-18 11:16:54 |           2 |
+------------+--------+------------+-----------------------+---------------------+-------------+
2 rows in set (0.02 sec)

update trading_account set holding_cash=0 where strategy_id=1;
